{
  "stats": {
    "suites": 1,
    "tests": 1,
    "passes": 1,
    "pending": 0,
    "failures": 0,
    "start": "2022-11-18T01:02:34.707Z",
    "end": "2022-11-18T01:02:44.552Z",
    "duration": 9845,
    "testsRegistered": 1,
    "passPercent": 100,
    "pendingPercent": 0,
    "other": 0,
    "hasOther": false,
    "skipped": 0,
    "hasSkipped": false
  },
  "results": [
    {
      "uuid": "492c0e64-5cae-45ab-a198-8c7ee1a81824",
      "title": "",
      "fullFile": "cypress/integration/ProjetoJessica/simbora.spec.js",
      "file": "cypress/integration/ProjetoJessica/simbora.spec.js",
      "beforeHooks": [],
      "afterHooks": [],
      "tests": [],
      "suites": [
        {
          "uuid": "28e5e4c3-6bbe-4a07-be84-e3bd15b06276",
          "title": "Login usuario simbora",
          "fullFile": "",
          "file": "",
          "beforeHooks": [],
          "afterHooks": [],
          "tests": [
            {
              "title": "login",
              "fullTitle": "Login usuario simbora login",
              "timedOut": null,
              "duration": 7444,
              "state": "passed",
              "speed": "medium",
              "pass": true,
              "fail": false,
              "pending": false,
              "context": null,
              "code": "cy.get('.mt-6 > .flex > .mb-6 > .block').click();\ncy.get('#email').type('jessica16hs@gmail.com');\ncy.get('#password').type('zildarenata');\ncy.get(':nth-child(4) > .mb-2').click();\ncy.contains('a', 'Jéssica Santos');",
              "err": {},
              "uuid": "1836b89e-5cbe-4cef-9390-6e9c9486ca19",
              "parentUUID": "28e5e4c3-6bbe-4a07-be84-e3bd15b06276",
              "isHook": false,
              "skipped": false
            }
          ],
          "suites": [],
          "passes": [
            "1836b89e-5cbe-4cef-9390-6e9c9486ca19"
          ],
          "failures": [],
          "pending": [],
          "skipped": [],
          "duration": 7444,
          "root": false,
          "rootEmpty": false,
          "_timeout": 2000
        }
      ],
      "passes": [],
      "failures": [],
      "pending": [],
      "skipped": [],
      "duration": 0,
      "root": true,
      "rootEmpty": true,
      "_timeout": 2000
    }
  ],
  "meta": {
    "mocha": {
      "version": "7.0.1"
    },
    "mochawesome": {
      "options": {
        "quiet": false,
        "reportFilename": "mochawesome",
        "saveHtml": true,
        "saveJson": true,
        "consoleReporter": "spec",
        "useInlineDiffs": false,
        "code": true
      },
      "version": "7.1.3"
    },
    "marge": {
      "options": null,
      "version": "6.2.0"
    }
  }
}